task: 0 hey
36234 37476
46088 47507
56112 57205
66206 67879
76108 77522
86136 87142
96112 97503
106108 107208
116076 117454
126101 127397
136075 137371
146095 147459
156005 157117
166093 167781
176078 177671
186042 187188
196068 197445
206070 207112
216078 217365
226082 227299
task: 0 pi
37587 40014
47476 50048
57354 59741
67419 69532
77394 79645
87386 89475
97420 99334
107462 109572
117489 119437
127588 130678
137482 139960
147428 150155
157449 159990
167380 169524
177395 179576
187378 189479
197479 199340
207458 209550
217362 219388
227581 230619
task: 0 cond_42
36910 39061
46836 49028
56659 58791
66772 69005
76745 78840
86899 89122
96778 98685
106744 109078
116662 118500
126683 128352
136722 138640
146616 148322
156616 158383
166655 168367
176564 178419
186657 188377
196691 198489
206895 209097
216709 218832
226704 229145
task: 0 cond_mod
36822 38658
46710 48581
56656 59166
66671 68754
76653 79398
86770 88457
96763 99242
106742 109249
116659 118490
126794 129423
136795 138725
146731 148585
156749 159338
166758 168912
176754 179526
186746 188600
196807 199324
206724 209147
216738 218658
226776 229374
task: 0 tumatmul
36501 39604
56445 59525
76439 79449
96506 99342
116502 119641
136357 139529
156423 159763
176457 179344
196486 199516
216417 219420
236471 239645
256390 259482
276389 279170
296399 299483
316372 319368
336480 339492
356414 359534
376513 379432
396477 399418
416339 419172
