2018-07-16 17:01:20,304 -------------------------------------------
2018-07-16 17:01:20,897 SVM: rbf, tol: 1e-06, C: None
2018-07-16 17:01:27,609 Score: 0.6232709519934907
2018-07-16 17:01:28,249 Precision: (0.6, 0.62, 0.61) Recall: (0.05, 0.98, 0.62) F1: (0.09, 0.76, 0.51) Support: (942.0, 1516.0, 2458.0)
2018-07-16 17:01:28,258 Save completed! 0_SVM_rbf_2018-07-16.pkl
2018-07-16 17:01:28,258 SVM: rbf, tol: 1e-05, C: None
2018-07-16 17:01:35,066 Score: 0.6232709519934907
2018-07-16 17:01:35,705 Precision: (0.6, 0.62, 0.61) Recall: (0.05, 0.98, 0.62) F1: (0.09, 0.76, 0.51) Support: (942.0, 1516.0, 2458.0)
2018-07-16 17:01:35,714 Save completed! 1_SVM_rbf_2018-07-16.pkl
2018-07-16 17:01:35,714 SVM: rbf, tol: 0.0001, C: None
2018-07-16 17:01:42,286 Score: 0.6232709519934907
2018-07-16 17:01:42,925 Precision: (0.6, 0.62, 0.61) Recall: (0.05, 0.98, 0.62) F1: (0.09, 0.76, 0.51) Support: (942.0, 1516.0, 2458.0)
2018-07-16 17:01:42,934 Save completed! 2_SVM_rbf_2018-07-16.pkl
2018-07-16 17:01:42,934 SVM: rbf, tol: 0.001, C: None
2018-07-16 17:01:49,186 Score: 0.6232709519934907
2018-07-16 17:01:49,828 Precision: (0.6, 0.62, 0.61) Recall: (0.05, 0.98, 0.62) F1: (0.09, 0.76, 0.51) Support: (942.0, 1516.0, 2458.0)
2018-07-16 17:01:49,836 Save completed! 3_SVM_rbf_2018-07-16.pkl
2018-07-16 17:01:49,836 SVM: rbf, tol: 0.01, C: None
2018-07-16 17:01:55,925 Score: 0.6228641171684296
2018-07-16 17:01:56,566 Precision: (0.59, 0.62, 0.61) Recall: (0.05, 0.98, 0.62) F1: (0.09, 0.76, 0.51) Support: (942.0, 1516.0, 2458.0)
2018-07-16 17:01:56,575 Save completed! 4_SVM_rbf_2018-07-16.pkl
2018-07-16 17:01:56,575 SVM: rbf, tol: 0.1, C: None
2018-07-16 17:02:02,166 Score: 0.6228641171684296
2018-07-16 17:02:02,805 Precision: (0.59, 0.62, 0.61) Recall: (0.05, 0.98, 0.62) F1: (0.1, 0.76, 0.51) Support: (942.0, 1516.0, 2458.0)
2018-07-16 17:02:02,814 Save completed! 5_SVM_rbf_2018-07-16.pkl
2018-07-16 17:02:02,814 SVM: rbf, tol: 1, C: None
2018-07-16 17:02:06,950 Score: 0.6224572823433686
2018-07-16 17:02:07,544 Precision: (0.56, 0.63, 0.6) Recall: (0.07, 0.97, 0.62) F1: (0.12, 0.76, 0.52) Support: (942.0, 1516.0, 2458.0)
2018-07-16 17:02:07,566 Save completed! 6_SVM_rbf_2018-07-16.pkl
2018-07-16 17:02:07,566 SVM: rbf, tol: 10, C: None
2018-07-16 17:02:07,607 Score: 0.6167615947925142
2018-07-16 17:02:07,615 Precision: (0.0, 0.62, 0.38) Recall: (0.0, 1.0, 0.62) F1: (0.0, 0.76, 0.47) Support: (942.0, 1516.0, 2458.0)
2018-07-16 17:02:07,618 Save completed! 7_SVM_rbf_2018-07-16.pkl
2018-07-16 17:02:07,618 SVM: rbf, tol: 100, C: None
2018-07-16 17:02:07,656 Score: 0.6167615947925142
2018-07-16 17:02:07,664 Precision: (0.0, 0.62, 0.38) Recall: (0.0, 1.0, 0.62) F1: (0.0, 0.76, 0.47) Support: (942.0, 1516.0, 2458.0)
2018-07-16 17:02:07,666 Save completed! 8_SVM_rbf_2018-07-16.pkl
2018-07-16 17:02:07,666 SVM: poly, tol: 1e-06, C: None
2018-07-16 17:02:07,703 Score: 0.6167615947925142
2018-07-16 17:02:07,712 Precision: (0.0, 0.62, 0.38) Recall: (0.0, 1.0, 0.62) F1: (0.0, 0.76, 0.47) Support: (942.0, 1516.0, 2458.0)
2018-07-16 17:02:07,713 Save completed! 9_SVM_poly_2018-07-16.pkl
2018-07-16 17:02:07,713 SVM: poly, tol: 1e-05, C: None
2018-07-16 17:02:07,751 Score: 0.6167615947925142
2018-07-16 17:02:07,759 Precision: (0.0, 0.62, 0.38) Recall: (0.0, 1.0, 0.62) F1: (0.0, 0.76, 0.47) Support: (942.0, 1516.0, 2458.0)
2018-07-16 17:02:07,760 Save completed! 10_SVM_poly_2018-07-16.pkl
2018-07-16 17:02:07,761 SVM: poly, tol: 0.0001, C: None
2018-07-16 17:02:07,798 Score: 0.6167615947925142
2018-07-16 17:02:07,806 Precision: (0.0, 0.62, 0.38) Recall: (0.0, 1.0, 0.62) F1: (0.0, 0.76, 0.47) Support: (942.0, 1516.0, 2458.0)
2018-07-16 17:02:07,807 Save completed! 11_SVM_poly_2018-07-16.pkl
2018-07-16 17:02:07,808 SVM: poly, tol: 0.001, C: None
2018-07-16 17:02:07,845 Score: 0.6167615947925142
2018-07-16 17:02:07,853 Precision: (0.0, 0.62, 0.38) Recall: (0.0, 1.0, 0.62) F1: (0.0, 0.76, 0.47) Support: (942.0, 1516.0, 2458.0)
2018-07-16 17:02:07,855 Save completed! 12_SVM_poly_2018-07-16.pkl
2018-07-16 17:02:07,855 SVM: poly, tol: 0.01, C: None
2018-07-16 17:02:07,892 Score: 0.6167615947925142
2018-07-16 17:02:07,900 Precision: (0.0, 0.62, 0.38) Recall: (0.0, 1.0, 0.62) F1: (0.0, 0.76, 0.47) Support: (942.0, 1516.0, 2458.0)
2018-07-16 17:02:07,902 Save completed! 13_SVM_poly_2018-07-16.pkl
2018-07-16 17:02:07,902 SVM: poly, tol: 0.1, C: None
2018-07-16 17:02:07,939 Score: 0.6167615947925142
2018-07-16 17:02:07,947 Precision: (0.0, 0.62, 0.38) Recall: (0.0, 1.0, 0.62) F1: (0.0, 0.76, 0.47) Support: (942.0, 1516.0, 2458.0)
2018-07-16 17:02:07,948 Save completed! 14_SVM_poly_2018-07-16.pkl
2018-07-16 17:02:07,949 SVM: poly, tol: 1, C: None
2018-07-16 17:02:07,986 Score: 0.6167615947925142
2018-07-16 17:02:07,994 Precision: (0.0, 0.62, 0.38) Recall: (0.0, 1.0, 0.62) F1: (0.0, 0.76, 0.47) Support: (942.0, 1516.0, 2458.0)
2018-07-16 17:02:07,995 Save completed! 15_SVM_poly_2018-07-16.pkl
2018-07-16 17:02:07,996 SVM: poly, tol: 10, C: None
2018-07-16 17:02:08,032 Score: 0.6167615947925142
2018-07-16 17:02:08,041 Precision: (0.0, 0.62, 0.38) Recall: (0.0, 1.0, 0.62) F1: (0.0, 0.76, 0.47) Support: (942.0, 1516.0, 2458.0)
2018-07-16 17:02:08,042 Save completed! 16_SVM_poly_2018-07-16.pkl
2018-07-16 17:02:08,042 SVM: poly, tol: 100, C: None
2018-07-16 17:02:08,079 Score: 0.6167615947925142
2018-07-16 17:02:08,087 Precision: (0.0, 0.62, 0.38) Recall: (0.0, 1.0, 0.62) F1: (0.0, 0.76, 0.47) Support: (942.0, 1516.0, 2458.0)
2018-07-16 17:02:08,089 Save completed! 17_SVM_poly_2018-07-16.pkl
