2018-07-16 16:32:09,594 -------------------------------------------
2018-07-16 16:33:38,381 -------------------------------------------
2018-07-16 16:33:38,975 SVM: rbf, tol: 0, C: None
2018-07-16 16:34:35,779 -------------------------------------------
2018-07-16 16:34:36,367 SVM: rbf, tol: 0, C: None
2018-07-16 16:35:26,900 -------------------------------------------
2018-07-16 16:35:27,487 SVM: rbf, tol: 0, C: None
2018-07-16 16:36:22,481 -------------------------------------------
2018-07-16 16:36:23,085 SVM: rbf, tol: 1e-09, C: None
2018-07-16 16:36:30,758 Score: 0.6232709519934907
2018-07-16 16:36:31,404 Precision: (0.6, 0.62, 0.61) Recall: (0.05, 0.98, 0.62) F1: (0.09, 0.76, 0.51) Support: (942.0, 1516.0, 2458.0)
2018-07-16 16:36:31,408 Save completed! 0_SVM_rbf_2018-07-16.pkl
2018-07-16 16:36:31,409 SVM: rbf, tol: 0.05, C: None
2018-07-16 16:36:38,086 Score: 0.6224572823433686
2018-07-16 16:36:38,725 Precision: (0.59, 0.62, 0.61) Recall: (0.05, 0.98, 0.62) F1: (0.09, 0.76, 0.51) Support: (942.0, 1516.0, 2458.0)
2018-07-16 16:36:38,729 Save completed! 1_SVM_rbf_2018-07-16.pkl
2018-07-16 16:36:38,730 SVM: rbf, tol: 0.1, C: None
2018-07-16 16:36:44,798 Score: 0.6228641171684296
2018-07-16 16:36:45,432 Precision: (0.59, 0.62, 0.61) Recall: (0.05, 0.98, 0.62) F1: (0.1, 0.76, 0.51) Support: (942.0, 1516.0, 2458.0)
2018-07-16 16:36:45,436 Save completed! 2_SVM_rbf_2018-07-16.pkl
2018-07-16 16:36:45,436 SVM: rbf, tol: 0.15, C: None
2018-07-16 16:36:50,924 Score: 0.6212367778681855
2018-07-16 16:36:51,553 Precision: (0.57, 0.62, 0.6) Recall: (0.05, 0.98, 0.62) F1: (0.09, 0.76, 0.5) Support: (942.0, 1516.0, 2458.0)
2018-07-16 16:36:51,557 Save completed! 3_SVM_rbf_2018-07-16.pkl
2018-07-16 16:36:51,557 SVM: rbf, tol: 0.2, C: None
2018-07-16 16:36:56,776 Score: 0.6216436126932465
2018-07-16 16:36:57,401 Precision: (0.57, 0.62, 0.6) Recall: (0.05, 0.98, 0.62) F1: (0.09, 0.76, 0.51) Support: (942.0, 1516.0, 2458.0)
2018-07-16 16:36:57,404 Save completed! 4_SVM_rbf_2018-07-16.pkl
2018-07-16 16:36:57,405 SVM: rbf, tol: 0.25, C: None
2018-07-16 16:37:03,123 Score: 0.6216436126932465
2018-07-16 16:37:03,744 Precision: (0.57, 0.62, 0.6) Recall: (0.05, 0.98, 0.62) F1: (0.09, 0.76, 0.51) Support: (942.0, 1516.0, 2458.0)
2018-07-16 16:37:03,748 Save completed! 5_SVM_rbf_2018-07-16.pkl
2018-07-16 16:37:03,748 SVM: rbf, tol: 0.3, C: None
2018-07-16 16:37:08,653 Score: 0.6220504475183075
2018-07-16 16:37:09,268 Precision: (0.58, 0.62, 0.61) Recall: (0.05, 0.98, 0.62) F1: (0.1, 0.76, 0.51) Support: (942.0, 1516.0, 2458.0)
2018-07-16 16:37:09,271 Save completed! 6_SVM_rbf_2018-07-16.pkl
2018-07-16 16:37:09,271 SVM: rbf, tol: 0.35, C: None
2018-07-16 16:37:14,116 Score: 0.6216436126932465
2018-07-16 16:37:14,728 Precision: (0.57, 0.62, 0.6) Recall: (0.05, 0.98, 0.62) F1: (0.09, 0.76, 0.51) Support: (942.0, 1516.0, 2458.0)
2018-07-16 16:37:14,732 Save completed! 7_SVM_rbf_2018-07-16.pkl
2018-07-16 16:37:14,732 SVM: rbf, tol: 0.4, C: None
2018-07-16 16:37:19,551 Score: 0.6220504475183075
2018-07-16 16:37:20,164 Precision: (0.58, 0.62, 0.61) Recall: (0.05, 0.98, 0.62) F1: (0.09, 0.76, 0.5) Support: (942.0, 1516.0, 2458.0)
2018-07-16 16:37:20,167 Save completed! 8_SVM_rbf_2018-07-16.pkl
2018-07-16 16:37:20,167 SVM: rbf, tol: 0.45, C: None
2018-07-16 16:37:24,971 Score: 0.6228641171684296
2018-07-16 16:37:25,581 Precision: (0.59, 0.62, 0.61) Recall: (0.05, 0.98, 0.62) F1: (0.1, 0.76, 0.51) Support: (942.0, 1516.0, 2458.0)
2018-07-16 16:37:25,585 Save completed! 9_SVM_rbf_2018-07-16.pkl
2018-07-16 16:37:25,585 SVM: rbf, tol: 0.5, C: None
2018-07-16 16:37:30,363 Score: 0.6220504475183075
2018-07-16 16:37:30,966 Precision: (0.57, 0.62, 0.6) Recall: (0.05, 0.98, 0.62) F1: (0.1, 0.76, 0.51) Support: (942.0, 1516.0, 2458.0)
2018-07-16 16:37:30,969 Save completed! 10_SVM_rbf_2018-07-16.pkl
2018-07-16 16:37:30,969 SVM: poly, tol: 1e-09, C: None
2018-07-16 16:37:31,010 Score: 0.6167615947925142
2018-07-16 16:37:31,019 Precision: (0.0, 0.62, 0.38) Recall: (0.0, 1.0, 0.62) F1: (0.0, 0.76, 0.47) Support: (942.0, 1516.0, 2458.0)
2018-07-16 16:37:31,021 Save completed! 11_SVM_poly_2018-07-16.pkl
2018-07-16 16:37:31,021 SVM: poly, tol: 0.05, C: None
2018-07-16 16:37:31,060 Score: 0.6167615947925142
2018-07-16 16:37:31,069 Precision: (0.0, 0.62, 0.38) Recall: (0.0, 1.0, 0.62) F1: (0.0, 0.76, 0.47) Support: (942.0, 1516.0, 2458.0)
2018-07-16 16:37:31,073 Save completed! 12_SVM_poly_2018-07-16.pkl
2018-07-16 16:37:31,073 SVM: poly, tol: 0.1, C: None
2018-07-16 16:37:31,110 Score: 0.6167615947925142
2018-07-16 16:37:31,119 Precision: (0.0, 0.62, 0.38) Recall: (0.0, 1.0, 0.62) F1: (0.0, 0.76, 0.47) Support: (942.0, 1516.0, 2458.0)
2018-07-16 16:37:31,120 Save completed! 13_SVM_poly_2018-07-16.pkl
2018-07-16 16:37:31,120 SVM: poly, tol: 0.15, C: None
2018-07-16 16:37:31,158 Score: 0.6167615947925142
2018-07-16 16:37:31,166 Precision: (0.0, 0.62, 0.38) Recall: (0.0, 1.0, 0.62) F1: (0.0, 0.76, 0.47) Support: (942.0, 1516.0, 2458.0)
2018-07-16 16:37:31,169 Save completed! 14_SVM_poly_2018-07-16.pkl
2018-07-16 16:37:31,169 SVM: poly, tol: 0.2, C: None
2018-07-16 16:37:31,207 Score: 0.6167615947925142
2018-07-16 16:37:31,216 Precision: (0.0, 0.62, 0.38) Recall: (0.0, 1.0, 0.62) F1: (0.0, 0.76, 0.47) Support: (942.0, 1516.0, 2458.0)
2018-07-16 16:37:31,217 Save completed! 15_SVM_poly_2018-07-16.pkl
2018-07-16 16:37:31,218 SVM: poly, tol: 0.25, C: None
2018-07-16 16:37:31,255 Score: 0.6167615947925142
2018-07-16 16:37:31,264 Precision: (0.0, 0.62, 0.38) Recall: (0.0, 1.0, 0.62) F1: (0.0, 0.76, 0.47) Support: (942.0, 1516.0, 2458.0)
2018-07-16 16:37:31,271 Save completed! 16_SVM_poly_2018-07-16.pkl
2018-07-16 16:37:31,271 SVM: poly, tol: 0.3, C: None
2018-07-16 16:37:31,308 Score: 0.6167615947925142
2018-07-16 16:37:31,317 Precision: (0.0, 0.62, 0.38) Recall: (0.0, 1.0, 0.62) F1: (0.0, 0.76, 0.47) Support: (942.0, 1516.0, 2458.0)
2018-07-16 16:37:31,397 Save completed! 17_SVM_poly_2018-07-16.pkl
2018-07-16 16:37:31,397 SVM: poly, tol: 0.35, C: None
2018-07-16 16:37:31,437 Score: 0.6167615947925142
2018-07-16 16:37:31,446 Precision: (0.0, 0.62, 0.38) Recall: (0.0, 1.0, 0.62) F1: (0.0, 0.76, 0.47) Support: (942.0, 1516.0, 2458.0)
2018-07-16 16:37:31,451 Save completed! 18_SVM_poly_2018-07-16.pkl
2018-07-16 16:37:31,451 SVM: poly, tol: 0.4, C: None
2018-07-16 16:37:31,489 Score: 0.6167615947925142
2018-07-16 16:37:31,497 Precision: (0.0, 0.62, 0.38) Recall: (0.0, 1.0, 0.62) F1: (0.0, 0.76, 0.47) Support: (942.0, 1516.0, 2458.0)
2018-07-16 16:37:31,499 Save completed! 19_SVM_poly_2018-07-16.pkl
2018-07-16 16:37:31,499 SVM: poly, tol: 0.45, C: None
2018-07-16 16:37:31,536 Score: 0.6167615947925142
2018-07-16 16:37:31,545 Precision: (0.0, 0.62, 0.38) Recall: (0.0, 1.0, 0.62) F1: (0.0, 0.76, 0.47) Support: (942.0, 1516.0, 2458.0)
2018-07-16 16:37:31,548 Save completed! 20_SVM_poly_2018-07-16.pkl
2018-07-16 16:37:31,548 SVM: poly, tol: 0.5, C: None
2018-07-16 16:37:31,586 Score: 0.6167615947925142
2018-07-16 16:37:31,595 Precision: (0.0, 0.62, 0.38) Recall: (0.0, 1.0, 0.62) F1: (0.0, 0.76, 0.47) Support: (942.0, 1516.0, 2458.0)
2018-07-16 16:37:31,596 Save completed! 21_SVM_poly_2018-07-16.pkl
